

  alpha   PCA    K   dv-err
  -----   ---   ---  ------
  1.0e-05   1    1  69.550

 It          oL           L  errX  errY
--- ----------- ----------- ----- -----
  1        -Inf -38275.02755 75.81 75.98
  2 -38275.02755 -17393.14627 74.63 74.82
  3 -17393.14627 -16528.69041 73.15 72.92
  4 -16528.69041 -16050.09992 72.27 72.18
  5 -16050.09992 -15800.79060 72.21 72.15
  6 -15800.79060 -15668.63163 72.45 72.25
  7 -15668.63163 -15596.49557 72.39 72.23
  8 -15596.49557 -15564.12474 72.30 72.07
  9 -15564.12474 -15547.70591 72.29 72.13
 10 -15547.70591 -15540.28652 72.25 72.17
 11 -15540.28652 -15536.62520 72.20 72.07
 12 -15536.62520 -15534.63211 72.23 72.02
 13 -15534.63211 -15533.14293 72.22 72.10

  alpha   PCA    K   dv-err
  -----   ---   ---  ------
  1.0e-05   1    2  72.100

 It          oL           L  errX  errY
--- ----------- ----------- ----- -----
  1        -Inf -13697.77970 74.36 73.93
  2 -13697.77970 -6079.92293 75.16 75.38
  3 -6079.92293 -5327.18048 74.84 75.03
  4 -5327.18048 -4993.48972 74.49 74.45
  5 -4993.48972 -4810.74728 74.58 74.42
  6 -4810.74728 -4697.86259 74.62 74.38
  7 -4697.86259 -4623.48249 74.62 74.63
  8 -4623.48249 -4573.59770 74.80 75.07
  9 -4573.59770 -4539.97947 74.96 75.27
 10 -4539.97947 -4514.06834 74.92 75.15
 11 -4514.06834 -4491.95435 74.96 75.03
 12 -4491.95435 -4474.96787 74.85 75.53
 13 -4474.96787 -4461.22644 75.03 75.80
 14 -4461.22644 -4449.74670 75.10 75.77
 15 -4449.74670 -4440.22596 75.02 75.53
 16 -4440.22596 -4431.35527 74.98 75.45
 17 -4431.35527 -4424.23541 74.92 75.42
 18 -4424.23541 -4417.35855 74.84 75.25
 19 -4417.35855 -4410.30250 74.73 75.18
 20 -4410.30250 -4402.89950 74.81 75.18
 21 -4402.89950 -4396.29285 74.78 74.98
 22 -4396.29285 -4390.80423 74.96 75.13
 23 -4390.80423 -4386.12310 74.86 75.00
 24 -4386.12310 -4381.68243 74.79 75.08
 25 -4381.68243 -4378.19328 74.80 74.95
 26 -4378.19328 -4375.03047 74.89 74.88
 27 -4375.03047 -4371.99719 74.89 75.05
 28 -4371.99719 -4369.25537 74.88 75.02
 29 -4369.25537 -4367.40021 74.85 74.83
 30 -4367.40021 -4365.68907 74.81 74.85
 31 -4365.68907 -4363.87442 74.85 74.83
 32 -4363.87442 -4362.07921 74.86 74.88
 33 -4362.07921 -4360.07107 74.86 74.93
 34 -4360.07107 -4358.01800 74.85 75.02
 35 -4358.01800 -4356.66525 74.95 74.98
 36 -4356.66525 -4355.71123 74.97 74.97
 37 -4355.71123 -4355.23559 74.99 74.93
 38 -4355.23559 -4354.97777 75.00 74.90

  alpha   PCA    K   dv-err
  -----   ---   ---  ------
  1.0e-05   1    5  74.900

 It          oL           L  errX  errY
--- ----------- ----------- ----- -----
  1        -Inf -6595.02722 76.11 75.92
  2 -6595.02722 -2987.64662 75.51 76.12
  3 -2987.64662 -2492.90871 75.47 75.87
  4 -2492.90871 -2235.66561 75.91 76.85
  5 -2235.66561 -2069.99473 75.91 77.15
  6 -2069.99473 -1953.04257 76.55 77.18
  7 -1953.04257 -1864.63578 76.50 76.65
  8 -1864.63578 -1795.15553 76.87 77.08
  9 -1795.15553 -1739.56424 77.28 77.55
 10 -1739.56424 -1691.69735 77.21 77.68
 11 -1691.69735 -1649.17061 77.16 77.68
 12 -1649.17061 -1613.35647 77.14 77.23
 13 -1613.35647 -1585.03714 77.33 77.68
 14 -1585.03714 -1562.50185 77.21 77.70
 15 -1562.50185 -1543.76732 77.82 77.97
 16 -1543.76732 -1527.89089 77.46 77.78
 17 -1527.89089 -1514.92571 77.50 77.87
 18 -1514.92571 -1503.76625 77.47 77.87
 19 -1503.76625 -1494.12513 77.66 77.78
 20 -1494.12513 -1484.34457 77.61 77.85
 21 -1484.34457 -1474.22985 77.88 78.03
 22 -1474.22985 -1464.75065 78.19 78.42
 23 -1464.75065 -1456.14449 77.99 78.25
 24 -1456.14449 -1447.58913 77.91 77.80
 25 -1447.58913 -1440.31592 77.83 77.83
 26 -1440.31592 -1434.10751 77.81 77.62
 27 -1434.10751 -1429.09683 78.06 77.63
 28 -1429.09683 -1423.97969 78.24 77.70
 29 -1423.97969 -1419.22748 78.23 77.73
 30 -1419.22748 -1415.01257 78.22 78.12
 31 -1415.01257 -1411.34848 78.15 78.03
 32 -1411.34848 -1408.06473 78.01 78.00
 33 -1408.06473 -1405.22895 77.97 78.00
 34 -1405.22895 -1402.28986 77.83 77.97
 35 -1402.28986 -1399.30268 77.81 77.80
 36 -1399.30268 -1396.52475 77.70 77.83
 37 -1396.52475 -1393.31324 77.61 77.72
 38 -1393.31324 -1390.41023 77.62 78.00
 39 -1390.41023 -1387.46987 77.56 78.02
 40 -1387.46987 -1384.79177 77.49 77.65
 41 -1384.79177 -1382.12343 77.71 77.97
 42 -1382.12343 -1379.39371 77.47 77.78
 43 -1379.39371 -1377.08687 77.47 77.35
 44 -1377.08687 -1374.84441 77.44 77.72
 45 -1374.84441 -1372.75468 77.40 77.47
 46 -1372.75468 -1370.55012 77.35 77.62
 47 -1370.55012 -1368.37733 77.36 77.40
 48 -1368.37733 -1366.24793 77.41 77.30
 49 -1366.24793 -1364.43346 77.24 77.60
 50 -1364.43346 -1362.48931 77.19 77.63
 51 -1362.48931 -1360.62409 77.83 78.27
 52 -1360.62409 -1358.66805 77.96 78.45
 53 -1358.66805 -1356.81933 77.98 78.60
 54 -1356.81933 -1354.82333 78.00 79.03
 55 -1354.82333 -1353.50222 77.94 78.77
 56 -1353.50222 -1352.33817 77.52 78.33
 57 -1352.33817 -1351.23463 77.49 78.28
 58 -1351.23463 -1350.00699 77.35 78.15
 59 -1350.00699 -1348.65730 77.36 78.25
 60 -1348.65730 -1347.15013 77.37 78.03
 61 -1347.15013 -1345.48119 77.32 77.92
 62 -1345.48119 -1343.98382 77.30 77.63
 63 -1343.98382 -1342.69063 77.27 77.62
 64 -1342.69063 -1341.80464 77.30 77.70
 65 -1341.80464 -1341.05346 77.24 77.67
 66 -1341.05346 -1340.37652 77.23 77.63
 67 -1340.37652 -1339.81636 77.20 77.63
 68 -1339.81636 -1339.23441 77.21 77.77
 69 -1339.23441 -1338.63511 77.34 77.98
 70 -1338.63511 -1338.16420 77.42 77.93
 71 -1338.16420 -1337.80018 77.43 77.82
 72 -1337.80018 -1337.52536 77.38 77.77
 73 -1337.52536 -1337.24281 77.37 77.70
 74 -1337.24281 -1336.95812 77.38 77.67
 75 -1336.95812 -1336.67492 77.32 77.90
 76 -1336.67492 -1336.30678 77.32 78.00
 77 -1336.30678 -1335.94638 77.31 78.00
 78 -1335.94638 -1335.59876 77.34 78.00
 79 -1335.59876 -1335.27237 77.31 77.95
 80 -1335.27237 -1334.99642 77.30 77.95
 81 -1334.99642 -1334.78368 77.26 77.88
 82 -1334.78368 -1334.52449 77.24 77.82
 83 -1334.52449 -1334.24065 77.22 77.62
 84 -1334.24065 -1333.91440 77.33 77.63
 85 -1333.91440 -1333.51737 77.20 77.72
 86 -1333.51737 -1332.98101 77.12 77.65
 87 -1332.98101 -1332.55577 77.13 77.67
 88 -1332.55577 -1332.12244 77.12 77.67
 89 -1332.12244 -1331.72706 77.09 77.38
 90 -1331.72706 -1331.43210 77.14 77.37
 91 -1331.43210 -1331.12182 77.13 77.37
 92 -1331.12182 -1330.93528 77.18 77.32
 93 -1330.93528 -1330.73674 77.16 77.23
 94 -1330.73674 -1330.58688 77.12 77.15
 95 -1330.58688 -1330.50607 77.12 77.20

  alpha   PCA    K   dv-err
  -----   ---   ---  ------
  1.0e-05   1   10  77.200

 It          oL           L  errX  errY
--- ----------- ----------- ----- -----
  1        -Inf -2718.02351 76.47 76.77
  2 -2718.02351 -1193.43184 76.81 77.15
  3 -1193.43184  -982.64599 76.37 76.00
  4  -982.64599  -867.59976 76.42 76.75
  5  -867.59976  -791.25888 75.89 76.72
  6  -791.25888  -738.05276 75.79 76.60
  7  -738.05276  -701.23057 75.84 76.33
  8  -701.23057  -672.37036 76.33 76.50
  9  -672.37036  -650.08056 76.23 76.75
 10  -650.08056  -630.30536 76.28 76.47
 11  -630.30536  -613.54427 76.36 76.37
 12  -613.54427  -600.21216 76.49 76.15
 13  -600.21216  -588.91227 76.69 76.33
 14  -588.91227  -579.57042 76.77 76.47
 15  -579.57042  -571.55905 76.88 76.70
 16  -571.55905  -564.77521 77.13 76.85
 17  -564.77521  -558.32223 77.20 77.13
 18  -558.32223  -552.25457 77.18 76.77
 19  -552.25457  -547.05412 77.44 77.30
 20  -547.05412  -541.97410 77.41 77.22
 21  -541.97410  -537.08139 77.34 76.80
 22  -537.08139  -531.75981 77.21 76.60
 23  -531.75981  -526.85272 77.34 76.87
 24  -526.85272  -522.34528 77.11 76.48
 25  -522.34528  -517.83710 77.37 76.70
 26  -517.83710  -513.00581 77.39 76.38
 27  -513.00581  -508.11896 77.68 77.15
 28  -508.11896  -503.05006 77.74 77.38
 29  -503.05006  -498.09540 77.52 77.50
 30  -498.09540  -493.99331 77.34 77.82
 31  -493.99331  -490.20238 77.29 77.65
 32  -490.20238  -486.67033 77.54 78.10
 33  -486.67033  -482.89036 77.61 77.65
 34  -482.89036  -479.35278 77.48 77.75
 35  -479.35278  -476.09804 77.84 78.08
 36  -476.09804  -473.21655 77.52 77.55
 37  -473.21655  -470.44596 77.58 77.55
 38  -470.44596  -467.88605 77.77 77.63
 39  -467.88605  -465.44741 78.02 77.75
 40  -465.44741  -463.40816 78.04 78.33
 41  -463.40816  -461.59502 77.84 78.27
 42  -461.59502  -459.87170 77.79 78.02
 43  -459.87170  -458.05104 77.71 77.93
 44  -458.05104  -456.47880 77.66 77.80
 45  -456.47880  -454.83954 77.64 77.87
 46  -454.83954  -453.35686 77.68 77.80
 47  -453.35686  -451.96730 77.72 78.02
 48  -451.96730  -450.69347 77.85 78.40
 49  -450.69347  -449.41098 77.67 78.32
 50  -449.41098  -448.28841 77.65 78.38
 51  -448.28841  -447.19539 77.83 78.68
 52  -447.19539  -445.94692 78.06 78.75
 53  -445.94692  -444.80005 78.28 78.68
 54  -444.80005  -443.53361 78.07 78.17
 55  -443.53361  -442.16698 78.29 78.13
 56  -442.16698  -440.62491 78.16 78.15
 57  -440.62491  -438.96775 77.96 77.73
 58  -438.96775  -437.55256 77.88 77.80
 59  -437.55256  -436.13304 77.77 77.67
 60  -436.13304  -435.05949 77.98 77.75
 61  -435.05949  -434.17667 78.12 77.98
 62  -434.17667  -433.35947 77.89 77.75
 63  -433.35947  -432.56531 77.94 78.17
 64  -432.56531  -431.70964 78.06 77.98
 65  -431.70964  -430.87938 78.02 77.77
 66  -430.87938  -430.08315 78.06 77.90
 67  -430.08315  -429.30510 78.36 78.33
 68  -429.30510  -428.50729 78.23 77.85
 69  -428.50729  -427.58981 78.35 77.63
 70  -427.58981  -426.77111 78.27 77.73
 71  -426.77111  -425.83692 78.23 77.50
 72  -425.83692  -424.92243 78.15 77.52
 73  -424.92243  -424.05924 78.19 77.55
 74  -424.05924  -423.42147 77.93 77.55
 75  -423.42147  -422.91563 77.93 77.17
 76  -422.91563  -422.39663 77.78 77.10
 77  -422.39663  -421.88546 77.90 77.52
 78  -421.88546  -421.41594 77.95 77.57
 79  -421.41594  -421.01289 78.02 77.75
 80  -421.01289  -420.52665 78.08 77.70
 81  -420.52665  -420.05307 78.03 77.75
 82  -420.05307  -419.51790 77.95 77.80
 83  -419.51790  -418.98076 77.88 77.78
 84  -418.98076  -418.44185 77.90 77.98
 85  -418.44185  -418.07278 77.59 77.47
 86  -418.07278  -417.75878 77.76 77.50
 87  -417.75878  -417.44463 77.95 77.92
 88  -417.44463  -417.10387 78.07 78.12
 89  -417.10387  -416.72627 78.02 78.10
 90  -416.72627  -416.36540 78.01 78.27
 91  -416.36540  -415.97060 78.14 78.50
 92  -415.97060  -415.40987 78.20 78.40
 93  -415.40987  -415.01543 78.19 78.17
 94  -415.01543  -414.63058 78.30 78.22
 95  -414.63058  -414.24904 78.15 77.90
 96  -414.24904  -413.73267 78.35 77.97
 97  -413.73267  -413.37941 78.36 77.87
 98  -413.37941  -413.05692 78.21 77.83
 99  -413.05692  -412.69651 78.22 77.88
100  -412.69651  -412.43309 78.27 77.73
101  -412.43309  -412.25726 78.24 77.70
102  -412.25726  -412.09897 78.26 77.68
103  -412.09897  -411.94248 78.23 77.73
104  -411.94248  -411.77199 78.17 77.67
105  -411.77199  -411.58127 78.26 77.67
106  -411.58127  -411.38152 78.27 77.83
107  -411.38152  -411.18530 78.34 77.68
108  -411.18530  -410.98806 78.31 77.78
109  -410.98806  -410.80632 78.27 77.85
110  -410.80632  -410.62589 78.33 77.97
111  -410.62589  -410.41603 78.32 77.65
112  -410.41603  -410.20141 78.21 77.67
113  -410.20141  -409.93508 78.28 77.70
114  -409.93508  -409.55228 78.27 77.75
115  -409.55228  -409.17321 78.43 78.27
116  -409.17321  -408.83603 78.20 77.77
117  -408.83603  -408.50638 78.30 77.87
118  -408.50638  -408.19785 78.35 77.80
119  -408.19785  -407.92129 78.35 77.78
120  -407.92129  -407.68900 78.28 77.85
121  -407.68900  -407.44743 78.22 77.87
122  -407.44743  -407.26573 78.17 77.83
123  -407.26573  -407.05601 78.10 77.93
124  -407.05601  -406.85595 78.09 77.78
125  -406.85595  -406.69022 78.12 77.85
126  -406.69022  -406.54874 78.10 78.17
127  -406.54874  -406.38244 78.10 78.15
128  -406.38244  -406.21852 78.11 78.23
129  -406.21852  -406.07953 78.05 77.98
130  -406.07953  -405.95948 77.96 77.85
131  -405.95948  -405.82786 77.91 77.93
132  -405.82786  -405.65904 77.85 78.08
133  -405.65904  -405.47117 77.83 78.00
134  -405.47117  -405.27148 77.85 77.88
135  -405.27148  -405.07098 77.90 77.90
136  -405.07098  -404.92284 77.92 77.82
137  -404.92284  -404.82261 78.12 78.23
138  -404.82261  -404.68278 78.04 78.05
139  -404.68278  -404.55286 77.97 78.03
140  -404.55286  -404.41720 77.91 78.15
141  -404.41720  -404.31005 77.81 78.02
142  -404.31005  -404.19791 77.80 78.00
143  -404.19791  -404.08788 77.79 77.97
144  -404.08788  -403.99472 77.64 78.00
145  -403.99472  -403.87301 77.39 77.67
146  -403.87301  -403.75176 77.34 77.47
147  -403.75176  -403.60994 77.51 77.42
148  -403.60994  -403.44280 77.55 77.45
149  -403.44280  -403.28591 77.57 77.53
150  -403.28591  -403.08896 77.64 77.70
151  -403.08896  -402.87965 77.59 77.75
152  -402.87965  -402.64476 77.58 77.85
153  -402.64476  -402.35459 77.56 77.72
154  -402.35459  -402.17327 77.66 77.87
155  -402.17327  -402.07268 77.65 77.95
156  -402.07268  -401.99432 77.67 78.10
157  -401.99432  -401.90546 77.72 78.05
158  -401.90546  -401.82263 77.77 78.15
159  -401.82263  -401.71110 77.83 78.28
160  -401.71110  -401.62062 77.87 78.18
161  -401.62062  -401.55931 77.89 78.13
162  -401.55931  -401.50683 77.90 78.20
163  -401.50683  -401.44373 77.89 78.22
164  -401.44373  -401.38825 77.91 78.15
165  -401.38825  -401.33252 77.93 78.22
166  -401.33252  -401.27312 77.93 78.28
167  -401.27312  -401.21159 77.86 78.20
168  -401.21159  -401.15935 77.56 77.93
169  -401.15935  -401.11291 77.76 78.23
170  -401.11291  -401.06416 77.85 78.27
171  -401.06416  -401.00157 77.92 78.28
172  -401.00157  -400.92456 77.94 78.28
173  -400.92456  -400.81421 77.95 78.32
174  -400.81421  -400.69175 77.96 78.30
175  -400.69175  -400.62042 77.97 78.30
176  -400.62042  -400.54480 77.98 78.22
177  -400.54480  -400.47769 78.01 78.12
178  -400.47769  -400.40959 78.01 78.18
179  -400.40959  -400.33628 78.00 78.20
180  -400.33628  -400.27474 78.01 78.13
181  -400.27474  -400.21546 78.02 78.12
182  -400.21546  -400.16070 77.98 78.17
183  -400.16070  -400.11455 78.11 78.47
184  -400.11455  -400.07385 78.09 78.48
185  -400.07385  -400.04053 78.10 78.47

  alpha   PCA    K   dv-err
  -----   ---   ---  ------
  1.0e-05   1   20  78.467

 It          oL           L  errX  errY
--- ----------- ----------- ----- -----
  1        -Inf  -804.24458 75.10 75.42
  2  -804.24458  -370.58021 74.95 74.95
  3  -370.58021  -308.79721 74.97 75.53
  4  -308.79721  -276.92368 75.18 75.48
  5  -276.92368  -255.42331 75.06 75.83
  6  -255.42331  -239.04194 75.27 75.33
  7  -239.04194  -227.92859 74.88 75.57
  8  -227.92859  -217.47368 74.87 75.75
  9  -217.47368  -208.45292 75.15 76.48
 10  -208.45292  -201.39654 74.93 75.68
 11  -201.39654  -196.18525 75.26 75.75
 12  -196.18525  -192.41616 75.44 75.68
 13  -192.41616  -188.85585 75.10 75.48
 14  -188.85585  -185.26141 75.12 75.52
 15  -185.26141  -182.00619 75.03 75.43
 16  -182.00619  -178.50470 75.29 75.40
 17  -178.50470  -175.53080 75.09 74.55
 18  -175.53080  -172.79416 75.13 75.45
 19  -172.79416  -169.71992 75.03 75.87
 20  -169.71992  -166.47756 75.14 75.95
 21  -166.47756  -163.28097 74.92 75.55
 22  -163.28097  -160.24404 74.88 75.07
 23  -160.24404  -157.10378 74.96 75.60
 24  -157.10378  -153.89831 75.36 75.82
 25  -153.89831  -151.58554 75.35 75.55
 26  -151.58554  -149.77717 75.19 75.50
 27  -149.77717  -148.06160 75.19 75.38
 28  -148.06160  -146.90087 75.02 74.92
 29  -146.90087  -145.95613 75.20 75.30
 30  -145.95613  -144.90283 75.04 75.35
 31  -144.90283  -143.48469 75.22 75.58
 32  -143.48469  -142.49328 75.26 75.53
 33  -142.49328  -141.63081 75.34 75.65
 34  -141.63081  -140.86431 75.29 75.72
 35  -140.86431  -140.14779 75.30 76.05
 36  -140.14779  -139.63288 75.39 75.98
 37  -139.63288  -139.08389 75.36 75.90
 38  -139.08389  -138.49842 75.43 75.83
 39  -138.49842  -137.82067 75.30 76.07
 40  -137.82067  -136.94933 75.29 76.02
 41  -136.94933  -136.23448 75.43 75.78
 42  -136.23448  -135.51245 75.44 75.67
 43  -135.51245  -134.89596 75.36 76.20
 44  -134.89596  -134.37112 75.42 76.33
 45  -134.37112  -133.72780 75.49 76.43
 46  -133.72780  -132.89128 75.49 76.48
 47  -132.89128  -132.29116 75.64 76.48
 48  -132.29116  -131.67446 75.50 76.12
 49  -131.67446  -130.98504 75.48 76.23
 50  -130.98504  -130.32101 75.50 76.33
 51  -130.32101  -129.73896 75.28 76.13
 52  -129.73896  -129.31345 75.34 76.12
 53  -129.31345  -128.91812 75.19 75.88
 54  -128.91812  -128.51669 75.11 75.77
 55  -128.51669  -128.10025 75.09 75.82
 56  -128.10025  -127.74311 75.17 75.58
 57  -127.74311  -127.38125 75.18 76.00
 58  -127.38125  -126.98061 75.06 75.90
 59  -126.98061  -126.66352 75.02 75.68
 60  -126.66352  -126.37830 75.10 75.88
 61  -126.37830  -126.01198 75.13 75.65
 62  -126.01198  -125.64299 75.08 75.65
 63  -125.64299  -125.33032 75.12 75.80
 64  -125.33032  -125.06178 75.18 75.93
 65  -125.06178  -124.81092 75.11 75.83
 66  -124.81092  -124.61821 75.16 75.93
 67  -124.61821  -124.45287 75.13 75.55
 68  -124.45287  -124.27592 75.29 75.52
 69  -124.27592  -124.03923 75.19 75.75
 70  -124.03923  -123.70596 75.24 75.70
 71  -123.70596  -123.52101 75.15 75.58
 72  -123.52101  -123.34598 75.17 75.53
 73  -123.34598  -123.15454 75.20 75.63
 74  -123.15454  -122.93101 75.32 75.60
 75  -122.93101  -122.70588 75.33 75.48
 76  -122.70588  -122.48335 75.30 75.25
 77  -122.48335  -122.21080 75.34 75.42
 78  -122.21080  -122.02537 75.31 75.27
 79  -122.02537  -121.80934 75.22 74.95
 80  -121.80934  -121.53238 75.24 75.08
 81  -121.53238  -121.25143 75.26 75.17
 82  -121.25143  -120.96597 75.36 75.30
 83  -120.96597  -120.66998 75.40 75.57
 84  -120.66998  -120.41320 75.36 75.55
 85  -120.41320  -120.20574 75.35 75.95
 86  -120.20574  -120.00237 75.37 75.85
 87  -120.00237  -119.81524 75.33 75.73
 88  -119.81524  -119.64854 75.28 75.62
 89  -119.64854  -119.46695 75.45 75.60
 90  -119.46695  -119.24060 75.53 75.68
 91  -119.24060  -118.99837 75.49 75.88
 92  -118.99837  -118.85338 75.45 75.88
 93  -118.85338  -118.68925 75.44 75.93
 94  -118.68925  -118.46869 75.41 75.92
 95  -118.46869  -118.16856 75.44 75.88
 96  -118.16856  -117.90688 75.31 76.12
 97  -117.90688  -117.57802 75.37 76.28
 98  -117.57802  -117.21688 75.36 76.37
 99  -117.21688  -116.94620 75.45 76.13
100  -116.94620  -116.70045 75.44 76.05
101  -116.70045  -116.50224 75.43 76.00
102  -116.50224  -116.33788 75.54 76.17
103  -116.33788  -116.20418 75.54 76.38
104  -116.20418  -116.06554 75.47 76.13
105  -116.06554  -115.89883 75.57 76.40
106  -115.89883  -115.75202 75.54 76.47
107  -115.75202  -115.61422 75.57 76.48
108  -115.61422  -115.48582 75.53 76.40
109  -115.48582  -115.37029 75.53 76.60
110  -115.37029  -115.26297 75.48 76.55
111  -115.26297  -115.14682 75.43 76.53
112  -115.14682  -115.05344 75.44 76.45
113  -115.05344  -114.98321 75.43 76.30
114  -114.98321  -114.92208 75.50 76.30
115  -114.92208  -114.88173 75.47 76.40
116  -114.88173  -114.84926 75.44 76.38
117  -114.84926  -114.80804 75.48 76.33
118  -114.80804  -114.76553 75.51 76.37
119  -114.76553  -114.69657 75.48 76.10
120  -114.69657  -114.60017 75.47 76.08
121  -114.60017  -114.51270 75.32 76.02
122  -114.51270  -114.42888 75.21 76.05
123  -114.42888  -114.34469 75.25 76.02
124  -114.34469  -114.24381 75.27 76.17
125  -114.24381  -114.15770 75.29 76.18
126  -114.15770  -114.09892 75.20 76.25
127  -114.09892  -114.04900 75.12 76.32
128  -114.04900  -114.00355 75.14 76.40
129  -114.00355  -113.97712 75.21 76.37
130  -113.97712  -113.95555 75.24 76.23
131  -113.95555  -113.93943 75.25 76.05
132  -113.93943  -113.92504 75.24 76.02
133  -113.92504  -113.91103 75.21 75.95
134  -113.91103  -113.89738 75.20 76.02
135  -113.89738  -113.88589 75.19 76.07
136  -113.88589  -113.87524 75.16 76.07

  alpha   PCA    K   dv-err
  -----   ---   ---  ------
  1.0e-05   1   50  76.067

 It          oL           L  errX  errY
--- ----------- ----------- ----- -----
  1        -Inf  -397.68491 74.73 74.75
  2  -397.68491  -181.35577 74.74 75.03
  3  -181.35577  -147.13965 74.43 74.75
  4  -147.13965  -131.48799 74.50 74.68
  5  -131.48799  -122.24667 74.33 74.77
  6  -122.24667  -115.30112 74.24 74.23
  7  -115.30112  -110.16767 74.33 74.68
  8  -110.16767  -105.37144 73.86 73.97
  9  -105.37144  -100.96550 73.99 74.05
 10  -100.96550   -96.96631 73.85 74.40
 11   -96.96631   -93.85327 74.00 74.82
 12   -93.85327   -90.61058 74.03 74.87
 13   -90.61058   -87.19263 73.98 74.22
 14   -87.19263   -84.83093 73.93 74.30
 15   -84.83093   -83.00994 74.21 74.72
 16   -83.00994   -81.36046 74.23 74.52
 17   -81.36046   -79.69252 74.33 74.33
 18   -79.69252   -78.12654 74.11 74.67
 19   -78.12654   -76.81652 73.95 74.62
 20   -76.81652   -75.66270 73.89 74.52
 21   -75.66270   -74.59806 74.06 74.23
 22   -74.59806   -73.52484 74.24 74.75
 23   -73.52484   -72.60471 74.01 74.55
 24   -72.60471   -71.89224 73.93 74.70
 25   -71.89224   -71.11551 74.03 74.72
 26   -71.11551   -70.13377 74.17 75.05
 27   -70.13377   -69.29928 74.24 75.07
 28   -69.29928   -68.64951 74.30 75.18
 29   -68.64951   -67.98109 74.19 75.12
 30   -67.98109   -67.45438 74.21 75.18
 31   -67.45438   -66.96917 74.14 75.40
 32   -66.96917   -66.54279 74.21 75.27
 33   -66.54279   -66.06466 74.07 75.43
 34   -66.06466   -65.73406 74.09 75.50
 35   -65.73406   -65.43860 74.23 75.35
 36   -65.43860   -65.20634 74.14 75.65
 37   -65.20634   -64.91591 74.09 75.55
 38   -64.91591   -64.59678 74.08 75.52
 39   -64.59678   -64.36306 74.03 75.60
 40   -64.36306   -64.16908 74.09 75.48
 41   -64.16908   -64.02333 74.12 75.47
 42   -64.02333   -63.90405 74.05 75.65
 43   -63.90405   -63.78910 74.03 75.80
 44   -63.78910   -63.68608 74.01 75.65
 45   -63.68608   -63.59912 74.04 75.50
 46   -63.59912   -63.50400 74.03 75.48
 47   -63.50400   -63.41875 74.03 75.40
 48   -63.41875   -63.32479 74.01 75.25
 49   -63.32479   -63.25752 74.03 75.00
 50   -63.25752   -63.14714 74.02 75.15
 51   -63.14714   -63.02635 74.10 75.10
 52   -63.02635   -62.89645 74.12 75.15
 53   -62.89645   -62.79418 74.19 75.15
 54   -62.79418   -62.70333 74.23 75.12
 55   -62.70333   -62.65309 74.22 75.22
 56   -62.65309   -62.60101 74.20 74.95
 57   -62.60101   -62.53577 74.20 75.03
 58   -62.53577   -62.45092 74.18 75.00
 59   -62.45092   -62.37310 74.18 74.90
 60   -62.37310   -62.29598 74.09 74.90
 61   -62.29598   -62.23234 74.20 74.93
 62   -62.23234   -62.17831 74.18 75.00
 63   -62.17831   -62.11603 74.12 75.18
 64   -62.11603   -62.06749 74.03 75.25
 65   -62.06749   -62.02688 74.06 75.32
 66   -62.02688   -62.00222 74.03 75.27
 67   -62.00222   -61.97892 74.12 75.32
 68   -61.97892   -61.95438 74.12 75.33
 69   -61.95438   -61.92546 74.08 75.45
 70   -61.92546   -61.89605 74.06 75.37
 71   -61.89605   -61.86621 74.11 75.35
 72   -61.86621   -61.84346 74.14 75.40
 73   -61.84346   -61.82170 74.13 75.30
 74   -61.82170   -61.80507 74.07 75.48
 75   -61.80507   -61.78795 74.01 75.60
 76   -61.78795   -61.76302 74.02 75.75
 77   -61.76302   -61.74122 73.95 75.72
 78   -61.74122   -61.71818 73.98 75.93
 79   -61.71818   -61.69026 73.86 75.92
 80   -61.69026   -61.65348 73.85 75.82
 81   -61.65348   -61.62483 73.90 75.70
 82   -61.62483   -61.60043 73.91 75.63
 83   -61.60043   -61.57669 73.96 75.63
 84   -61.57669   -61.54869 74.02 75.53
 85   -61.54869   -61.51690 74.05 75.73
 86   -61.51690   -61.48276 74.14 75.70
 87   -61.48276   -61.45304 74.14 75.77
 88   -61.45304   -61.42705 74.13 75.80
 89   -61.42705   -61.39116 74.07 75.77
 90   -61.39116   -61.35431 74.06 75.68
 91   -61.35431   -61.32125 74.01 75.88
 92   -61.32125   -61.29526 74.07 75.93
 93   -61.29526   -61.26649 74.11 76.03
 94   -61.26649   -61.21727 74.02 75.85
 95   -61.21727   -61.15709 74.01 75.83
 96   -61.15709   -61.10174 74.04 75.65
 97   -61.10174   -61.02313 74.01 75.65
 98   -61.02313   -60.94889 74.05 75.80
 99   -60.94889   -60.87372 74.05 75.78
100   -60.87372   -60.80840 74.07 75.82
101   -60.80840   -60.75520 74.03 75.87
102   -60.75520   -60.73180 74.01 75.90
103   -60.73180   -60.71666 74.08 75.98
104   -60.71666   -60.70364 74.05 75.95
105   -60.70364   -60.69418 74.03 75.93
106   -60.69418   -60.68926 74.02 75.82

  alpha   PCA    K   dv-err
  -----   ---   ---  ------
  1.0e-05   1  100  75.817

 It          oL           L  errX  errY
--- ----------- ----------- ----- -----
  1        -Inf -88757.56711 55.66 55.48
  2 -88757.56711 -48206.55798 55.66 55.48
  3 -48206.55798 -48206.55798 55.66 55.48

  alpha   PCA    K   dv-err
  -----   ---   ---  ------
  1.0e-05   2    1  55.483

 It          oL           L  errX  errY
--- ----------- ----------- ----- -----
  1        -Inf -77001.47747 60.84 60.30
  2 -77001.47747 -36526.52603 60.24 59.13
  3 -36526.52603 -35488.04933 59.37 58.48
  4 -35488.04933 -34965.10021 58.82 58.25
  5 -34965.10021 -34776.65669 57.67 57.38
  6 -34776.65669 -34715.07110 57.31 57.23
  7 -34715.07110 -34700.30446 57.09 57.10
  8 -34700.30446 -34698.38751 57.08 57.05

  alpha   PCA    K   dv-err
  -----   ---   ---  ------
  1.0e-05   2    2  57.050

 It          oL           L  errX  errY
--- ----------- ----------- ----- -----
  1        -Inf -40661.82950 61.20 61.57
  2 -40661.82950 -21858.52261 60.89 60.18
  3 -21858.52261 -21144.31878 60.46 59.83
  4 -21144.31878 -20751.83411 60.06 59.90
  5 -20751.83411 -20530.20023 59.85 59.65
  6 -20530.20023 -20404.13477 59.55 59.30
  7 -20404.13477 -20297.23731 59.64 58.93
  8 -20297.23731 -20216.55036 59.51 59.08
  9 -20216.55036 -20153.84155 59.36 59.05
 10 -20153.84155 -20101.26370 59.32 59.02
 11 -20101.26370 -20050.91633 59.41 58.68
 12 -20050.91633 -20001.81295 59.26 58.75
 13 -20001.81295 -19957.54554 59.21 58.40
 14 -19957.54554 -19922.69426 59.19 58.40
 15 -19922.69426 -19894.58167 59.16 58.60
 16 -19894.58167 -19874.55691 59.24 58.77
 17 -19874.55691 -19854.91717 59.24 59.00
 18 -19854.91717 -19835.44356 59.20 58.85
 19 -19835.44356 -19815.09790 59.13 58.75
 20 -19815.09790 -19796.03558 59.08 58.78
 21 -19796.03558 -19775.84505 58.89 58.67
 22 -19775.84505 -19754.10233 58.73 58.57
 23 -19754.10233 -19737.57803 58.60 58.53
 24 -19737.57803 -19725.67167 58.56 58.52
 25 -19725.67167 -19717.54788 58.52 58.47
 26 -19717.54788 -19710.54686 58.50 58.47
 27 -19710.54686 -19707.41544 58.55 58.38
 28 -19707.41544 -19702.87688 58.55 58.33
 29 -19702.87688 -19699.13551 58.62 58.37
 30 -19699.13551 -19694.96602 58.60 58.52
 31 -19694.96602 -19690.37989 58.64 58.47
 32 -19690.37989 -19688.43132 58.63 58.47

  alpha   PCA    K   dv-err
  -----   ---   ---  ------
  1.0e-05   2    5  58.467

 It          oL           L  errX  errY
--- ----------- ----------- ----- -----
  1        -Inf -24361.39933 62.26 61.70
  2 -24361.39933 -14151.41305 61.52 61.35
  3 -14151.41305 -13278.05828 61.11 60.60
  4 -13278.05828 -12887.02964 60.94 60.28
  5 -12887.02964 -12659.24379 60.95 60.27
  6 -12659.24379 -12502.77045 61.02 60.30
  7 -12502.77045 -12395.43130 61.11 59.95
  8 -12395.43130 -12318.77794 61.03 60.18
  9 -12318.77794 -12258.80278 61.01 60.07
 10 -12258.80278 -12211.24538 61.08 60.18
 11 -12211.24538 -12167.01770 61.12 60.40
 12 -12167.01770 -12128.50154 61.14 60.70
 13 -12128.50154 -12093.68569 61.22 60.73
 14 -12093.68569 -12061.28845 61.29 61.00
 15 -12061.28845 -12034.03054 61.34 61.12
 16 -12034.03054 -12014.14531 61.29 60.95
 17 -12014.14531 -11999.13484 61.29 60.97
 18 -11999.13484 -11986.59573 61.24 60.83
 19 -11986.59573 -11976.34314 61.30 60.82
 20 -11976.34314 -11967.01330 61.31 61.15
 21 -11967.01330 -11959.42813 61.35 61.23
 22 -11959.42813 -11952.92007 61.43 61.07
 23 -11952.92007 -11948.10056 61.44 61.00
 24 -11948.10056 -11943.71502 61.45 61.15
 25 -11943.71502 -11940.21830 61.45 61.12
 26 -11940.21830 -11937.15951 61.44 61.08
 27 -11937.15951 -11932.59335 61.41 61.13
 28 -11932.59335 -11929.71903 61.36 61.22
 29 -11929.71903 -11927.79281 61.36 61.17
 30 -11927.79281 -11925.48439 61.40 61.25
 31 -11925.48439 -11922.97524 61.35 61.18
 32 -11922.97524 -11921.19183 61.37 61.18
 33 -11921.19183 -11918.90902 61.37 61.13
 34 -11918.90902 -11916.74568 61.39 61.17
 35 -11916.74568 -11914.68076 61.40 61.12
 36 -11914.68076 -11913.01435 61.39 61.15
 37 -11913.01435 -11911.40436 61.38 60.93
 38 -11911.40436 -11909.51528 61.38 60.98
 39 -11909.51528 -11907.81518 61.38 61.08
 40 -11907.81518 -11906.32420 61.37 61.00
 41 -11906.32420 -11904.44003 61.37 60.95
 42 -11904.44003 -11902.69651 61.35 60.85
 43 -11902.69651 -11901.07611 61.36 60.85
 44 -11901.07611 -11899.14614 61.37 60.85
 45 -11899.14614 -11897.31236 61.42 60.92
 46 -11897.31236 -11895.80870 61.44 60.87
 47 -11895.80870 -11894.77627 61.45 60.90

  alpha   PCA    K   dv-err
  -----   ---   ---  ------
  1.0e-05   2   10  60.900

 It          oL           L  errX  errY
--- ----------- ----------- ----- -----
  1        -Inf -13812.77697 63.13 62.87
  2 -13812.77697 -8530.68527 63.04 63.72
  3 -8530.68527 -7940.33609 63.11 63.82
  4 -7940.33609 -7641.94814 63.06 63.48
  5 -7641.94814 -7450.56014 62.98 63.28
  6 -7450.56014 -7320.99344 63.02 63.60
  7 -7320.99344 -7226.95404 63.02 63.55
  8 -7226.95404 -7155.66957 63.07 63.47
  9 -7155.66957 -7098.80446 63.00 63.23
 10 -7098.80446 -7056.08962 62.86 63.38
 11 -7056.08962 -7019.18678 62.87 63.02
 12 -7019.18678 -6987.57714 62.77 63.12
 13 -6987.57714 -6962.89929 62.64 63.52
 14 -6962.89929 -6941.46438 62.60 63.63
 15 -6941.46438 -6923.25499 62.46 63.77
 16 -6923.25499 -6907.89338 62.40 63.80
 17 -6907.89338 -6894.91512 62.40 63.93
 18 -6894.91512 -6883.16358 62.35 63.87
 19 -6883.16358 -6871.49846 62.43 63.87
 20 -6871.49846 -6862.11807 62.46 63.83
 21 -6862.11807 -6853.40991 62.51 63.73
 22 -6853.40991 -6846.26664 62.54 63.55
 23 -6846.26664 -6839.10988 62.57 63.67
 24 -6839.10988 -6831.80074 62.61 63.77
 25 -6831.80074 -6824.74182 62.60 63.78
 26 -6824.74182 -6817.57105 62.64 63.67
 27 -6817.57105 -6811.30109 62.64 63.67
 28 -6811.30109 -6806.66231 62.71 63.53
 29 -6806.66231 -6802.46481 62.73 63.52
 30 -6802.46481 -6798.20910 62.72 63.33
 31 -6798.20910 -6793.65972 62.69 63.13
 32 -6793.65972 -6789.77241 62.75 63.10
 33 -6789.77241 -6785.44914 62.75 63.12
 34 -6785.44914 -6781.92243 62.73 63.03
 35 -6781.92243 -6778.46716 62.65 63.05
 36 -6778.46716 -6775.40101 62.66 63.07
 37 -6775.40101 -6772.31822 62.67 63.10
 38 -6772.31822 -6769.50408 62.65 63.15
 39 -6769.50408 -6767.05656 62.59 63.03
 40 -6767.05656 -6764.70805 62.62 63.07
 41 -6764.70805 -6762.57202 62.62 63.12
 42 -6762.57202 -6760.53050 62.63 63.10
 43 -6760.53050 -6758.82856 62.60 63.00
 44 -6758.82856 -6757.20596 62.58 62.97
 45 -6757.20596 -6755.46556 62.60 63.00
 46 -6755.46556 -6753.45935 62.61 62.92
 47 -6753.45935 -6751.17489 62.60 62.90
 48 -6751.17489 -6748.72443 62.62 62.97
 49 -6748.72443 -6746.20962 62.63 63.03
 50 -6746.20962 -6744.12121 62.62 62.92
 51 -6744.12121 -6742.20795 62.58 62.95
 52 -6742.20795 -6740.83855 62.51 62.92
 53 -6740.83855 -6739.43185 62.52 62.83
 54 -6739.43185 -6737.78145 62.46 62.87
 55 -6737.78145 -6735.50791 62.46 62.82
 56 -6735.50791 -6733.57575 62.41 62.80
 57 -6733.57575 -6731.99284 62.42 62.78
 58 -6731.99284 -6730.49574 62.46 62.73
 59 -6730.49574 -6729.47601 62.53 62.93
 60 -6729.47601 -6728.20072 62.55 63.03
 61 -6728.20072 -6726.78175 62.54 62.92
 62 -6726.78175 -6725.31925 62.53 62.92
 63 -6725.31925 -6724.07302 62.49 62.98
 64 -6724.07302 -6722.73936 62.42 62.98
 65 -6722.73936 -6721.59488 62.39 62.95
 66 -6721.59488 -6720.50083 62.42 62.95
 67 -6720.50083 -6719.40994 62.43 62.87
 68 -6719.40994 -6718.69901 62.44 62.85
 69 -6718.69901 -6718.28145 62.41 62.82

  alpha   PCA    K   dv-err
  -----   ---   ---  ------
  1.0e-05   2   20  62.817

 It          oL           L  errX  errY
--- ----------- ----------- ----- -----
  1        -Inf -6767.22942 61.87 62.73
  2 -6767.22942 -4148.30474 61.70 62.55
  3 -4148.30474 -3797.71557 61.82 61.70
  4 -3797.71557 -3627.23324 61.73 61.95
  5 -3627.23324 -3518.09182 61.72 61.72
  6 -3518.09182 -3438.01023 61.73 61.82
  7 -3438.01023 -3377.86998 61.93 62.08
  8 -3377.86998 -3331.90261 61.90 62.10
  9 -3331.90261 -3295.74314 61.97 61.92
 10 -3295.74314 -3267.29936 62.15 62.00
 11 -3267.29936 -3241.57983 62.21 62.10
 12 -3241.57983 -3219.00155 62.23 62.05
 13 -3219.00155 -3199.06674 62.34 62.35
 14 -3199.06674 -3182.16279 62.25 62.57
 15 -3182.16279 -3167.55071 62.22 62.60
 16 -3167.55071 -3155.32732 62.31 62.77
 17 -3155.32732 -3144.41750 62.30 62.82
 18 -3144.41750 -3133.32962 62.38 62.85
 19 -3133.32962 -3123.48756 62.39 63.10
 20 -3123.48756 -3116.04203 62.33 63.22
 21 -3116.04203 -3109.55140 62.37 63.13
 22 -3109.55140 -3103.12476 62.33 63.20
 23 -3103.12476 -3096.91453 62.36 63.38
 24 -3096.91453 -3092.14235 62.34 63.53
 25 -3092.14235 -3088.09751 62.35 63.30
 26 -3088.09751 -3084.42470 62.48 63.48
 27 -3084.42470 -3080.90723 62.46 63.65
 28 -3080.90723 -3077.68856 62.45 63.63
 29 -3077.68856 -3074.50335 62.45 63.57
 30 -3074.50335 -3071.86944 62.45 63.68
 31 -3071.86944 -3069.48475 62.37 63.85
 32 -3069.48475 -3066.71783 62.34 63.85
 33 -3066.71783 -3064.09842 62.33 64.00
 34 -3064.09842 -3062.20659 62.30 63.87
 35 -3062.20659 -3060.06693 62.31 63.87
 36 -3060.06693 -3057.95779 62.26 63.82
 37 -3057.95779 -3056.28197 62.25 63.75
 38 -3056.28197 -3054.76784 62.33 63.70
 39 -3054.76784 -3053.24492 62.31 63.85
 40 -3053.24492 -3051.82147 62.29 63.80
 41 -3051.82147 -3050.25054 62.30 63.75
 42 -3050.25054 -3048.78063 62.30 63.72
 43 -3048.78063 -3046.90835 62.27 63.68
 44 -3046.90835 -3044.55437 62.28 63.78
 45 -3044.55437 -3042.31256 62.35 63.78
 46 -3042.31256 -3040.86803 62.33 63.93
 47 -3040.86803 -3039.00359 62.34 63.98
 48 -3039.00359 -3036.74689 62.29 64.08
 49 -3036.74689 -3035.22907 62.26 64.17
 50 -3035.22907 -3033.68868 62.27 64.23
 51 -3033.68868 -3031.94380 62.28 64.20
 52 -3031.94380 -3030.18098 62.24 64.13
 53 -3030.18098 -3028.67943 62.21 64.03
 54 -3028.67943 -3026.91844 62.24 63.97
 55 -3026.91844 -3024.80105 62.20 64.00
 56 -3024.80105 -3022.64161 62.24 64.03
 57 -3022.64161 -3021.73168 62.24 63.92
 58 -3021.73168 -3020.92678 62.23 63.97
 59 -3020.92678 -3020.39516 62.28 64.00
 60 -3020.39516 -3019.89087 62.26 64.08
 61 -3019.89087 -3019.42516 62.26 64.13
 62 -3019.42516 -3018.87718 62.26 64.15
 63 -3018.87718 -3018.07774 62.29 64.10
 64 -3018.07774 -3017.18196 62.28 64.00
 65 -3017.18196 -3016.47829 62.31 64.03
 66 -3016.47829 -3015.84064 62.30 64.12
 67 -3015.84064 -3015.52443 62.32 64.20
 68 -3015.52443 -3015.04172 62.32 64.17
 69 -3015.04172 -3014.38159 62.31 64.17
 70 -3014.38159 -3013.48482 62.31 64.10
 71 -3013.48482 -3012.62658 62.29 64.08
 72 -3012.62658 -3011.70282 62.29 64.10
 73 -3011.70282 -3010.92432 62.31 64.18
 74 -3010.92432 -3009.96950 62.31 64.18
 75 -3009.96950 -3008.91482 62.33 64.18
 76 -3008.91482 -3008.10147 62.31 64.22
 77 -3008.10147 -3007.51121 62.30 64.05
 78 -3007.51121 -3007.22462 62.30 64.05

  alpha   PCA    K   dv-err
  -----   ---   ---  ------
  1.0e-05   2   50  64.050

 It          oL           L  errX  errY
--- ----------- ----------- ----- -----
  1        -Inf -4006.08323 61.87 62.28
  2 -4006.08323 -2390.86582 61.62 62.65
  3 -2390.86582 -2148.25541 61.47 62.70
  4 -2148.25541 -2021.76419 61.43 63.13
  5 -2021.76419 -1948.12818 61.30 63.20
  6 -1948.12818 -1893.78970 61.45 63.07
  7 -1893.78970 -1853.93032 61.42 63.43
  8 -1853.93032 -1821.50160 61.34 63.18
  9 -1821.50160 -1794.16916 61.27 63.18
 10 -1794.16916 -1771.45493 61.26 63.07
 11 -1771.45493 -1751.36298 61.19 63.07
 12 -1751.36298 -1734.71760 61.17 62.98
 13 -1734.71760 -1721.45050 61.08 63.07
 14 -1721.45050 -1709.36864 61.26 63.07
 15 -1709.36864 -1698.45868 61.10 63.07
 16 -1698.45868 -1690.06856 60.95 63.23
 17 -1690.06856 -1683.13520 60.97 63.25
 18 -1683.13520 -1676.45265 60.95 63.02
 19 -1676.45265 -1670.35234 60.93 62.77
 20 -1670.35234 -1664.65197 60.98 62.82
 21 -1664.65197 -1659.35124 60.99 62.73
 22 -1659.35124 -1654.48864 61.06 62.85
 23 -1654.48864 -1650.44394 61.00 63.00
 24 -1650.44394 -1647.03791 61.04 63.17
 25 -1647.03791 -1643.82630 61.06 63.08
 26 -1643.82630 -1641.18409 61.06 63.05
 27 -1641.18409 -1638.38101 61.08 63.05
 28 -1638.38101 -1634.91731 61.06 63.03
 29 -1634.91731 -1631.52787 61.13 63.32
 30 -1631.52787 -1628.68495 61.11 63.58
 31 -1628.68495 -1625.27442 61.07 63.52
 32 -1625.27442 -1622.63413 61.09 63.40
 33 -1622.63413 -1620.52180 61.22 63.25
 34 -1620.52180 -1618.75131 61.22 63.42
 35 -1618.75131 -1617.37044 61.18 63.42
 36 -1617.37044 -1615.94827 61.13 63.37
 37 -1615.94827 -1614.27572 61.09 63.43
 38 -1614.27572 -1612.55098 61.04 63.35
 39 -1612.55098 -1610.90439 61.04 63.25
 40 -1610.90439 -1609.61948 60.98 63.15
 41 -1609.61948 -1608.46383 61.00 63.13
 42 -1608.46383 -1607.41763 60.99 62.93
 43 -1607.41763 -1606.55639 60.96 62.92
 44 -1606.55639 -1605.57663 60.98 62.97
 45 -1605.57663 -1604.66253 60.96 62.83
 46 -1604.66253 -1603.91115 60.95 62.85
 47 -1603.91115 -1603.34492 60.98 62.95
 48 -1603.34492 -1602.76512 61.00 62.97
 49 -1602.76512 -1602.21414 60.99 62.95
 50 -1602.21414 -1601.69646 60.99 62.90
 51 -1601.69646 -1601.28678 61.01 62.85
 52 -1601.28678 -1601.00445 61.02 62.77
 53 -1601.00445 -1600.63107 61.00 62.73
 54 -1600.63107 -1600.19703 61.01 62.77
 55 -1600.19703 -1599.74760 61.03 62.80
 56 -1599.74760 -1599.47747 61.04 62.70
 57 -1599.47747 -1599.24799 61.04 62.73
 58 -1599.24799 -1599.04313 61.06 62.75
 59 -1599.04313 -1598.82022 61.06 62.75
 60 -1598.82022 -1598.60965 61.04 62.62
 61 -1598.60965 -1598.24796 61.02 62.62
 62 -1598.24796 -1597.08465 60.99 62.73
 63 -1597.08465 -1596.65219 60.97 62.78
 64 -1596.65219 -1596.35065 61.00 62.78
 65 -1596.35065 -1596.11936 61.01 62.77
 66 -1596.11936 -1595.96700 61.02 62.75

  alpha   PCA    K   dv-err
  -----   ---   ---  ------
  1.0e-05   2  100  62.750

 It          oL           L  errX  errY
--- ----------- ----------- ----- -----
  1        -Inf -214586.49022 30.09 29.88
  2 -214586.49022 -118048.76104 30.09 29.88
  3 -118048.76104 -118048.76104 30.09 29.88

  alpha   PCA    K   dv-err
  -----   ---   ---  ------
  1.0e-05   5    1  29.883

 It          oL           L  errX  errY
--- ----------- ----------- ----- -----
  1        -Inf -220324.89340 30.98 30.57
  2 -220324.89340 -103905.22024 30.46 30.32
  3 -103905.22024 -102848.85754 30.29 29.87
  4 -102848.85754 -102205.90935 30.13 29.88
  5 -102205.90935 -101939.34231 29.84 29.82
  6 -101939.34231 -101885.08275 29.72 29.55
  7 -101885.08275 -101859.94431 29.61 29.48
  8 -101859.94431 -101823.43201 29.57 29.38
  9 -101823.43201 -101797.04278 29.52 29.18
 10 -101797.04278 -101764.85752 29.44 29.15
 11 -101764.85752 -101742.32487 29.39 29.25
 12 -101742.32487 -101722.72259 29.37 29.23
 13 -101722.72259 -101704.37246 29.35 29.17
 14 -101704.37246 -101671.74217 29.34 29.30
 15 -101671.74217 -101653.29961 29.34 29.33
 16 -101653.29961 -101636.97252 29.33 29.35
 17 -101636.97252 -101624.38481 29.33 29.33
 18 -101624.38481 -101618.69065 29.28 29.27

  alpha   PCA    K   dv-err
  -----   ---   ---  ------
  1.0e-05   5    2  29.267

 It          oL           L  errX  errY
--- ----------- ----------- ----- -----
  1        -Inf -176004.41640 31.83 31.63
  2 -176004.41640 -83571.05344 30.52 30.03
  3 -83571.05344 -82654.37614 29.79 29.35
  4 -82654.37614 -82300.21769 29.40 28.92
  5 -82300.21769 -82144.19132 29.19 29.02
  6 -82144.19132 -82017.32571 29.06 28.82
  7 -82017.32571 -81881.58964 29.02 28.60
  8 -81881.58964 -81755.46189 28.92 28.50
  9 -81755.46189 -81664.30238 28.86 28.50
 10 -81664.30238 -81563.71193 28.87 28.40
 11 -81563.71193 -81475.61118 28.72 28.38
 12 -81475.61118 -81417.24514 28.75 28.28
 13 -81417.24514 -81368.64711 28.70 28.23
 14 -81368.64711 -81331.09898 28.67 28.33
 15 -81331.09898 -81301.75105 28.68 28.27
 16 -81301.75105 -81280.16416 28.68 28.22
 17 -81280.16416 -81258.35702 28.65 28.22
 18 -81258.35702 -81240.81323 28.62 28.25
 19 -81240.81323 -81224.85478 28.58 28.17
 20 -81224.85478 -81213.17318 28.52 28.03
 21 -81213.17318 -81204.60984 28.51 28.25
 22 -81204.60984 -81194.41068 28.46 28.25
 23 -81194.41068 -81182.99024 28.55 28.18
 24 -81182.99024 -81177.18848 28.56 28.17

  alpha   PCA    K   dv-err
  -----   ---   ---  ------
  1.0e-05   5    5  28.167

 It          oL           L  errX  errY
--- ----------- ----------- ----- -----
  1        -Inf -141045.68951 31.09 31.07
  2 -141045.68951 -70162.90577 30.19 30.20
  3 -70162.90577 -69046.84384 29.61 29.43
  4 -69046.84384 -68556.17192 29.34 29.38
  5 -68556.17192 -68280.23808 29.20 29.28
  6 -68280.23808 -68109.25498 28.97 29.07
  7 -68109.25498 -67981.23345 28.77 28.97
  8 -67981.23345 -67877.30999 28.73 29.03
  9 -67877.30999 -67781.44008 28.69 28.87
 10 -67781.44008 -67690.22255 28.66 28.85
 11 -67690.22255 -67612.57874 28.71 29.05
 12 -67612.57874 -67546.18892 28.75 29.18
 13 -67546.18892 -67491.90207 28.70 28.97
 14 -67491.90207 -67451.18396 28.70 28.85
 15 -67451.18396 -67408.23801 28.67 28.88
 16 -67408.23801 -67373.18664 28.62 28.97
 17 -67373.18664 -67352.17819 28.60 28.98
 18 -67352.17819 -67329.77328 28.62 29.05
 19 -67329.77328 -67304.87880 28.62 28.97
 20 -67304.87880 -67274.54597 28.67 28.90
 21 -67274.54597 -67255.48282 28.65 28.82
 22 -67255.48282 -67239.59736 28.67 28.83
 23 -67239.59736 -67227.41232 28.67 28.83
 24 -67227.41232 -67216.53216 28.68 28.92
 25 -67216.53216 -67203.39089 28.70 28.92
 26 -67203.39089 -67193.07699 28.73 29.02
 27 -67193.07699 -67185.06418 28.74 29.15
 28 -67185.06418 -67174.18992 28.77 29.10
 29 -67174.18992 -67162.72572 28.73 29.17
 30 -67162.72572 -67149.97434 28.75 29.08
 31 -67149.97434 -67139.53103 28.76 29.20
 32 -67139.53103 -67129.35545 28.72 29.17
 33 -67129.35545 -67117.17660 28.76 29.07
 34 -67117.17660 -67103.08479 28.72 29.05
 35 -67103.08479 -67086.77686 28.76 29.10
 36 -67086.77686 -67077.72634 28.71 29.12
 37 -67077.72634 -67069.94994 28.71 29.07
 38 -67069.94994 -67060.50737 28.69 29.12
 39 -67060.50737 -67050.52833 28.70 29.20
 40 -67050.52833 -67046.19900 28.71 29.13

  alpha   PCA    K   dv-err
  -----   ---   ---  ------
  1.0e-05   5   10  29.133

 It          oL           L  errX  errY
--- ----------- ----------- ----- -----
  1        -Inf -105615.06229 31.36 32.17
  2 -105615.06229 -57935.54023 30.23 31.13
  3 -57935.54023 -56884.36835 29.53 30.67
  4 -56884.36835 -56291.09029 29.04 30.17
  5 -56291.09029 -55906.46022 28.81 29.77
  6 -55906.46022 -55639.29526 28.65 29.65
  7 -55639.29526 -55434.17675 28.52 29.60
  8 -55434.17675 -55282.00479 28.39 29.58
  9 -55282.00479 -55161.84581 28.36 29.43
 10 -55161.84581 -55049.15721 28.29 29.40
 11 -55049.15721 -54955.64202 28.24 29.32
 12 -54955.64202 -54874.50244 28.12 29.27
 13 -54874.50244 -54792.70812 28.07 29.32
 14 -54792.70812 -54721.24902 28.07 29.35
 15 -54721.24902 -54636.57449 27.96 29.10
 16 -54636.57449 -54555.07762 27.79 29.15
 17 -54555.07762 -54498.12010 27.77 29.30
 18 -54498.12010 -54448.10160 27.67 29.40
 19 -54448.10160 -54406.00525 27.73 29.40
 20 -54406.00525 -54370.22116 27.73 29.28
 21 -54370.22116 -54346.12170 27.69 29.42
 22 -54346.12170 -54320.12465 27.65 29.63
 23 -54320.12465 -54299.25041 27.68 29.48
 24 -54299.25041 -54277.12621 27.67 29.47
 25 -54277.12621 -54255.40308 27.67 29.48
 26 -54255.40308 -54244.67104 27.69 29.67
 27 -54244.67104 -54235.68694 27.69 29.62
 28 -54235.68694 -54227.41031 27.67 29.62
 29 -54227.41031 -54216.44421 27.69 29.50
 30 -54216.44421 -54205.81281 27.68 29.38
 31 -54205.81281 -54198.36173 27.70 29.32
 32 -54198.36173 -54192.36805 27.70 29.32
 33 -54192.36805 -54185.29633 27.66 29.30
 34 -54185.29633 -54174.93668 27.69 29.30
 35 -54174.93668 -54166.50645 27.65 29.18
 36 -54166.50645 -54159.61948 27.69 29.17
 37 -54159.61948 -54155.22009 27.69 29.13

  alpha   PCA    K   dv-err
  -----   ---   ---  ------
  1.0e-05   5   20  29.133

 It          oL           L  errX  errY
--- ----------- ----------- ----- -----
  1        -Inf -73968.93518 30.89 32.62
  2 -73968.93518 -43965.29664 29.40 31.90
  3 -43965.29664 -42639.90912 28.71 31.08
  4 -42639.90912 -41951.59989 28.22 30.73
  5 -41951.59989 -41532.17420 27.93 30.55
  6 -41532.17420 -41240.57765 27.72 30.40
  7 -41240.57765 -41013.83587 27.56 30.03
  8 -41013.83587 -40846.03545 27.44 30.22
  9 -40846.03545 -40709.02317 27.38 29.95
 10 -40709.02317 -40606.66881 27.25 29.78
 11 -40606.66881 -40527.16347 27.33 29.63
 12 -40527.16347 -40462.05741 27.29 29.67
 13 -40462.05741 -40406.80396 27.19 29.68
 14 -40406.80396 -40356.63960 27.10 29.65
 15 -40356.63960 -40315.35331 27.06 29.60
 16 -40315.35331 -40286.11354 27.05 29.62
 17 -40286.11354 -40261.59453 27.00 29.63
 18 -40261.59453 -40234.67789 26.93 29.67
 19 -40234.67789 -40212.13242 26.93 29.60
 20 -40212.13242 -40193.33959 26.87 29.53
 21 -40193.33959 -40174.33426 26.90 29.53
 22 -40174.33426 -40158.61184 26.96 29.43
 23 -40158.61184 -40142.51820 26.92 29.42
 24 -40142.51820 -40128.21354 26.91 29.45
 25 -40128.21354 -40114.33744 26.94 29.48
 26 -40114.33744 -40101.62140 26.94 29.48
 27 -40101.62140 -40090.98170 26.94 29.45
 28 -40090.98170 -40080.65603 26.96 29.47
 29 -40080.65603 -40072.57729 26.94 29.45
 30 -40072.57729 -40065.10341 26.98 29.47
 31 -40065.10341 -40060.77302 26.98 29.33
 32 -40060.77302 -40057.25981 26.96 29.38

  alpha   PCA    K   dv-err
  -----   ---   ---  ------
  1.0e-05   5   50  29.383

 It          oL           L  errX  errY
--- ----------- ----------- ----- -----
  1        -Inf -54050.76718 29.39 31.85
  2 -54050.76718 -34558.58768 28.18 30.68
  3 -34558.58768 -33314.89561 27.44 30.13
  4 -33314.89561 -32640.84280 26.99 30.50
  5 -32640.84280 -32245.76872 26.63 30.23
  6 -32245.76872 -31979.63668 26.44 30.18
  7 -31979.63668 -31803.55616 26.29 30.08
  8 -31803.55616 -31666.75630 26.24 30.07
  9 -31666.75630 -31564.93091 26.12 29.77
 10 -31564.93091 -31478.88426 26.02 29.80
 11 -31478.88426 -31415.66593 25.98 29.85
 12 -31415.66593 -31358.06021 25.91 29.83
 13 -31358.06021 -31310.05994 25.86 29.85
 14 -31310.05994 -31268.68679 25.82 29.77
 15 -31268.68679 -31235.63559 25.84 29.73
 16 -31235.63559 -31206.10408 25.84 29.75
 17 -31206.10408 -31181.91929 25.89 29.82
 18 -31181.91929 -31163.47870 25.87 29.72
 19 -31163.47870 -31141.03827 25.81 29.62
 20 -31141.03827 -31119.17592 25.80 29.58
 21 -31119.17592 -31100.79049 25.73 29.47
 22 -31100.79049 -31084.92467 25.70 29.37
 23 -31084.92467 -31073.00620 25.64 29.37
 24 -31073.00620 -31063.19230 25.63 29.32
 25 -31063.19230 -31055.27874 25.62 29.32
 26 -31055.27874 -31046.96194 25.61 29.27
 27 -31046.96194 -31038.95347 25.59 29.25
 28 -31038.95347 -31033.20045 25.60 29.25
 29 -31033.20045 -31027.44312 25.57 29.28
 30 -31027.44312 -31021.00432 25.55 29.35
 31 -31021.00432 -31015.54808 25.55 29.38
 32 -31015.54808 -31009.63044 25.52 29.43
 33 -31009.63044 -31005.66691 25.51 29.43
 34 -31005.66691 -31002.86022 25.52 29.47

  alpha   PCA    K   dv-err
  -----   ---   ---  ------
  1.0e-05   5  100  29.467

 It          oL           L  errX  errY
--- ----------- ----------- ----- -----
  1        -Inf -391717.35132 14.75 14.93
  2 -391717.35132 -202343.77518 14.75 14.93
  3 -202343.77518 -202343.77518 14.75 14.93

  alpha   PCA    K   dv-err
  -----   ---   ---  ------
  1.0e-05  10    1  14.933


  alpha   PCA    K   dv-err
  -----   ---   ---  ------
  1.0e-05  10    2  13.367

  alpha   PCA    K   dv-err
  -----   ---   ---  ------
  1.0e-05  10    5  11.517

  alpha   PCA    K   dv-err
  -----   ---   ---  ------
  1.0e-05  10   10  10.817


  alpha   PCA    K   dv-err
  -----   ---   ---  ------
  1.0e-05  10   20   9.967

  alpha   PCA    K   dv-err
  -----   ---   ---  ------
  1.0e-05  10   50   9.133

  alpha   PCA    K   dv-err
  -----   ---   ---  ------
  1.0e-05  10  100   8.583


  alpha   PCA    K   dv-err
  -----   ---   ---  ------
  1.0e-05  20    1   8.483

  alpha   PCA    K   dv-err
  -----   ---   ---  ------
  1.0e-05  20    2   7.367

  alpha   PCA    K   dv-err
  -----   ---   ---  ------
  1.0e-05  20    5   5.533

  alpha   PCA    K   dv-err
  -----   ---   ---  ------
  1.0e-05  20   10   5.433


  alpha   PCA    K   dv-err
  -----   ---   ---  ------
  1.0e-05  20   20   4.917


  alpha   PCA    K   dv-err
  -----   ---   ---  ------
  1.0e-05  20   50   4.183


  alpha   PCA    K   dv-err
  -----   ---   ---  ------
  1.0e-05  20  100   3.533


  alpha   PCA    K   dv-err
  -----   ---   ---  ------
  1.0e-05  50    1   6.567


  alpha   PCA    K   dv-err
  -----   ---   ---  ------
  1.0e-05  50    2   5.683


  alpha   PCA    K   dv-err
  -----   ---   ---  ------
  1.0e-05  50    5   4.617

 

  alpha   PCA    K   dv-err
  -----   ---   ---  ------
  1.0e-05  50   10   3.917

  alpha   PCA    K   dv-err
  -----   ---   ---  ------
  1.0e-05  50   20   3.517


  alpha   PCA    K   dv-err
  -----   ---   ---  ------
  1.0e-05  50   50   2.450


  alpha   PCA    K   dv-err
  -----   ---   ---  ------
  1.0e-05  50  100   2.500

  alpha   PCA    K   dv-err
  -----   ---   ---  ------
  1.0e-05 100    1   6.467


  alpha   PCA    K   dv-err
  -----   ---   ---  ------
  1.0e-05 100    2   5.400


  alpha   PCA    K   dv-err
  -----   ---   ---  ------
  1.0e-05 100    5   4.400

 

  alpha   PCA    K   dv-err
  -----   ---   ---  ------
  1.0e-05 100   10   3.767

 

  alpha   PCA    K   dv-err
  -----   ---   ---  ------
  1.0e-05 100   20   3.183


  alpha   PCA    K   dv-err
  -----   ---   ---  ------
  1.0e-05 100   50   2.233

  alpha   PCA    K   dv-err
  -----   ---   ---  ------
  1.0e-05 100  100   2.333


  alpha   PCA    K   dv-err
  -----   ---   ---  ------
  1.0e-04   1    1  69.400

 

  alpha   PCA    K   dv-err
  -----   ---   ---  ------
  1.0e-04   1    2  71.567



  alpha   PCA    K   dv-err
  -----   ---   ---  ------
  1.0e-04   1    5  75.250



  alpha   PCA    K   dv-err
  -----   ---   ---  ------
  1.0e-04   1   10  78.367

 

  alpha   PCA    K   dv-err
  -----   ---   ---  ------
  1.0e-04   1   20  78.033


  alpha   PCA    K   dv-err
  -----   ---   ---  ------
  1.0e-04   1   50  75.917

 

  alpha   PCA    K   dv-err
  -----   ---   ---  ------
  1.0e-04   1  100  76.167


  alpha   PCA    K   dv-err
  -----   ---   ---  ------
  1.0e-04   2    1  55.033


  alpha   PCA    K   dv-err
  -----   ---   ---  ------
  1.0e-04   2    2  59.400


  alpha   PCA    K   dv-err
  -----   ---   ---  ------
  1.0e-04   2    5  60.383


  alpha   PCA    K   dv-err
  -----   ---   ---  ------
  1.0e-04   2   10  61.200

  alpha   PCA    K   dv-err
  -----   ---   ---  ------
  1.0e-04   2   20  62.650


  alpha   PCA    K   dv-err
  -----   ---   ---  ------
  1.0e-04   2   50  63.917


  alpha   PCA    K   dv-err
  -----   ---   ---  ------
  1.0e-04   2  100  64.250


  alpha   PCA    K   dv-err
  -----   ---   ---  ------
  1.0e-04   5    1  28.333

  alpha   PCA    K   dv-err
  -----   ---   ---  ------
  1.0e-04   5    2  27.733

  alpha   PCA    K   dv-err
  -----   ---   ---  ------
  1.0e-04   5    5  28.683

  alpha   PCA    K   dv-err
  -----   ---   ---  ------
  1.0e-04   5   10  29.550


  alpha   PCA    K   dv-err
  -----   ---   ---  ------
  1.0e-04   5   20  32.083


  alpha   PCA    K   dv-err
  -----   ---   ---  ------
  1.0e-04   5   50  31.383


  alpha   PCA    K   dv-err
  -----   ---   ---  ------
  1.0e-04   5  100  31.000


  alpha   PCA    K   dv-err
  -----   ---   ---  ------
  1.0e-04  10    1  11.817


  alpha   PCA    K   dv-err
  -----   ---   ---  ------
  1.0e-04  10    2  10.550


  alpha   PCA    K   dv-err
  -----   ---   ---  ------
  1.0e-04  10    5   9.783


  alpha   PCA    K   dv-err
  -----   ---   ---  ------
  1.0e-04  10   10   9.133

  alpha   PCA    K   dv-err
  -----   ---   ---  ------
  1.0e-04  10   20   8.917


  alpha   PCA    K   dv-err
  -----   ---   ---  ------
  1.0e-04  10   50   7.783

  alpha   PCA    K   dv-err
  -----   ---   ---  ------
  1.0e-04  10  100   7.667

  alpha   PCA    K   dv-err
  -----   ---   ---  ------
  1.0e-04  20    1   6.167

  alpha   PCA    K   dv-err
  -----   ---   ---  ------
  1.0e-04  20    2   5.350

  alpha   PCA    K   dv-err
  -----   ---   ---  ------
  1.0e-04  20    5   4.350

  alpha   PCA    K   dv-err
  -----   ---   ---  ------
  1.0e-04  20   10   4.183


  alpha   PCA    K   dv-err
  -----   ---   ---  ------
  1.0e-04  20   20   3.617

 

  alpha   PCA    K   dv-err
  -----   ---   ---  ------
  1.0e-04  20   50   3.217

 
  alpha   PCA    K   dv-err
  -----   ---   ---  ------
  1.0e-04  20  100   2.517


  alpha   PCA    K   dv-err
  -----   ---   ---  ------
  1.0e-04  50    1   4.683



  alpha   PCA    K   dv-err
  -----   ---   ---  ------
  1.0e-04  50    2   3.800

  alpha   PCA    K   dv-err
  -----   ---   ---  ------
  1.0e-04  50    5   3.100



  alpha   PCA    K   dv-err
  -----   ---   ---  ------
  1.0e-04  50   10   2.600



  alpha   PCA    K   dv-err
  -----   ---   ---  ------
  1.0e-04  50   20   2.333


  alpha   PCA    K   dv-err
  -----   ---   ---  ------
  1.0e-04  50   50   1.833


  alpha   PCA    K   dv-err
  -----   ---   ---  ------
  1.0e-04  50  100   1.667


  alpha   PCA    K   dv-err
  -----   ---   ---  ------
  1.0e-04 100    1   4.267

  alpha   PCA    K   dv-err
  -----   ---   ---  ------
  1.0e-04 100    2   3.583


  alpha   PCA    K   dv-err
  -----   ---   ---  ------
  1.0e-04 100    5   2.967


  alpha   PCA    K   dv-err
  -----   ---   ---  ------
  1.0e-04 100   10   2.517


  alpha   PCA    K   dv-err
  -----   ---   ---  ------
  1.0e-04 100   20   2.150

  alpha   PCA    K   dv-err
  -----   ---   ---  ------
  1.0e-04 100   50   1.600


  alpha   PCA    K   dv-err
  -----   ---   ---  ------
  1.0e-04 100  100   1.850

  alpha   PCA    K   dv-err
  -----   ---   ---  ------
  1.0e-03   1    1  69.383


  alpha   PCA    K   dv-err
  -----   ---   ---  ------
  1.0e-03   1    2  73.633

  alpha   PCA    K   dv-err
  -----   ---   ---  ------
  1.0e-03   1    5  74.667


  alpha   PCA    K   dv-err
  -----   ---   ---  ------
  1.0e-03   1   10  76.050


  alpha   PCA    K   dv-err
  -----   ---   ---  ------
  1.0e-03   1   20  77.133

  alpha   PCA    K   dv-err
  -----   ---   ---  ------
  1.0e-03   1   50  76.850


  alpha   PCA    K   dv-err
  -----   ---   ---  ------
  1.0e-03   1  100  76.250

  alpha   PCA    K   dv-err
  -----   ---   ---  ------
  1.0e-03   2    1  55.517

  alpha   PCA    K   dv-err
  -----   ---   ---  ------
  1.0e-03   2    2  60.267

  alpha   PCA    K   dv-err
  -----   ---   ---  ------
  1.0e-03   2    5  60.917


  alpha   PCA    K   dv-err
  -----   ---   ---  ------
  1.0e-03   2   10  63.467


  alpha   PCA    K   dv-err
  -----   ---   ---  ------
  1.0e-03   2   20  67.183


  alpha   PCA    K   dv-err
  -----   ---   ---  ------
  1.0e-03   2   50  69.300


  alpha   PCA    K   dv-err
  -----   ---   ---  ------
  1.0e-03   2  100  67.683


  alpha   PCA    K   dv-err
  -----   ---   ---  ------
  1.0e-03   5    1  28.533


  alpha   PCA    K   dv-err
  -----   ---   ---  ------
  1.0e-03   5    2  28.083


  alpha   PCA    K   dv-err
  -----   ---   ---  ------
  1.0e-03   5    5  30.483

  alpha   PCA    K   dv-err
  -----   ---   ---  ------
  1.0e-03   5   10  31.250

  alpha   PCA    K   dv-err
  -----   ---   ---  ------
  1.0e-03   5   20  33.550

  alpha   PCA    K   dv-err
  -----   ---   ---  ------
  1.0e-03   5   50  36.200


  alpha   PCA    K   dv-err
  -----   ---   ---  ------
  1.0e-03   5  100  36.500

  alpha   PCA    K   dv-err
  -----   ---   ---  ------
  1.0e-03  10    1  12.267


  alpha   PCA    K   dv-err
  -----   ---   ---  ------
  1.0e-03  10    2  11.817

  alpha   PCA    K   dv-err
  -----   ---   ---  ------
  1.0e-03  10    5  10.567

  alpha   PCA    K   dv-err
  -----   ---   ---  ------
  1.0e-03  10   10  10.200


  alpha   PCA    K   dv-err
  -----   ---   ---  ------
  1.0e-03  10   20  10.933


  alpha   PCA    K   dv-err
  -----   ---   ---  ------
  1.0e-03  10   50   9.317

  alpha   PCA    K   dv-err
  -----   ---   ---  ------
  1.0e-03  10  100   9.900


  alpha   PCA    K   dv-err
  -----   ---   ---  ------
  1.0e-03  20    1   6.700


  alpha   PCA    K   dv-err
  -----   ---   ---  ------
  1.0e-03  20    2   6.100


  alpha   PCA    K   dv-err
  -----   ---   ---  ------
  1.0e-03  20    5   5.250


  alpha   PCA    K   dv-err
  -----   ---   ---  ------
  1.0e-03  20   10   4.417


  alpha   PCA    K   dv-err
  -----   ---   ---  ------
  1.0e-03  20   20   4.367

  alpha   PCA    K   dv-err
  -----   ---   ---  ------
  1.0e-03  20   50   4.183

  alpha   PCA    K   dv-err
  -----   ---   ---  ------
  1.0e-03  20  100   3.967


  alpha   PCA    K   dv-err
  -----   ---   ---  ------
  1.0e-03  50    1   5.683


  alpha   PCA    K   dv-err
  -----   ---   ---  ------
  1.0e-03  50    2   5.267


  alpha   PCA    K   dv-err
  -----   ---   ---  ------
  1.0e-03  50    5   4.533

  alpha   PCA    K   dv-err
  -----   ---   ---  ------
  1.0e-03  50   10   3.300

  alpha   PCA    K   dv-err
  -----   ---   ---  ------
  1.0e-03  50   20   3.350

  alpha   PCA    K   dv-err
  -----   ---   ---  ------
  1.0e-03  50   50   2.900

  alpha   PCA    K   dv-err
  -----   ---   ---  ------
  1.0e-03  50  100   3.383


  alpha   PCA    K   dv-err
  -----   ---   ---  ------
  1.0e-03 100    1   5.617



  alpha   PCA    K   dv-err
  -----   ---   ---  ------
  1.0e-03 100    2   5.283


  alpha   PCA    K   dv-err
  -----   ---   ---  ------
  1.0e-03 100    5   4.283


  alpha   PCA    K   dv-err
  -----   ---   ---  ------
  1.0e-03 100   10   3.367


  alpha   PCA    K   dv-err
  -----   ---   ---  ------
  1.0e-03 100   20   3.433


  alpha   PCA    K   dv-err
  -----   ---   ---  ------
  1.0e-03 100   50   3.517

  alpha   PCA    K   dv-err
  -----   ---   ---  ------
  1.0e-03 100  100   3.383
