1   1 69.317
1   2 72.000
1   5 69.550
1  10 67.617
1  20 66.050
1  30 65.700

2   1 69.233
2   2 57.383
2   5 52.200
2  10 45.017
2  20 41.317
2  30 45.517

5   1 69.450
5   2 53.550
5   5 32.800
5  10 23.583
5  20 16.750
5  30 14.833

10   1 80.783
10   2 67.467
10   5 27.767
10  10 14.100
10  20 11.150
10  30  9.083

20   1 69.533
20   2 63.050
20   5 25.183
20  10 10.333
20  20  6.817
20  30  7.183

30   1 69.800
30   2 52.900
30   5 24.367
30  10  9.067
30  20  5.317
30  30  5.900

40   1 69.667
40   5 24.100
40  10  8.433
40  20  5.400